#
# An unexpected error has been detected by Java Runtime Environment:
#
# java.lang.OutOfMemoryError: Cannot create GC thread. Out of system resources.
#
#  Internal Error (gcTaskThread.cpp:41), pid=20806, tid=1114257728
#  Error: Cannot create GC thread. Out of system resources.
#
# Java VM: Java HotSpot(TM) 64-Bit Server VM (11.2-b01 mixed mode linux-amd64)
# If you would like to submit a bug report, please visit:
#   http://java.sun.com/webapps/bugreport/crash.jsp
#

---------------  T H R E A D  ---------------

Current thread (0x0000000014acc400):  JavaThread "Unknown thread" [_thread_in_vm, id=20891, stack(0x0000000041ca3000,0x00000000426a4000)]

Stack: [0x0000000041ca3000,0x00000000426a4000],  sp=0x00000000426a2160,  free space=10236k
Native frames: (J=compiled Java code, j=interpreted, Vv=VM code, C=native code)
V  [libjvm.so+0x5fc16f]
V  [libjvm.so+0x26e1c8]
V  [libjvm.so+0x2c0cad]
V  [libjvm.so+0x2bf7ee]
V  [libjvm.so+0x2bf583]
V  [libjvm.so+0x4f2d07]
V  [libjvm.so+0x5d7dec]
V  [libjvm.so+0x5d7a9a]
V  [libjvm.so+0x2f48d5]
V  [libjvm.so+0x5c1b47]
V  [libjvm.so+0x349910]
C  [libmwjmi.so+0x2df9d]  _Z9InitSunVMv+0x75d
C  [libmwjmi.so+0x2e64b]
C  [libmwjmi.so+0x1a695]  _Z7mljInitv+0x15
C  [libmwmcr.so+0x2c15e]
C  [libmwmcr.so+0x1e374]
C  [libmwmcr.so+0x1e5df]
C  [MATLAB+0x405c]
C  [MATLAB+0x2c73]
C  [libmwmcr.so+0x4ceec]


---------------  P R O C E S S  ---------------

Java Threads: ( => current thread )

Other Threads:

=>0x0000000014acc400 (exited) JavaThread "Unknown thread" [_thread_in_vm, id=20891, stack(0x0000000041ca3000,0x00000000426a4000)]

VM state:not at safepoint (not fully initialized)

VM Mutex/Monitor currently owned by a thread: None

Dynamic libraries:
00400000-00406000 r-xp 00000000 fd:04 1703955                            /usr/local/matlab2009b/bin/glnxa64/MATLAB
00606000-00607000 rw-p 00006000 fd:04 1703955                            /usr/local/matlab2009b/bin/glnxa64/MATLAB
149b2000-14af5000 rw-p 149b2000 00:00 0                                  [heap]
40020000-40021000 ---p 40020000 00:00 0 
40021000-40121000 rwxp 40021000 00:00 0 
40636000-40637000 ---p 40636000 00:00 0 
40637000-41037000 rwxp 40637000 00:00 0 
4116e000-4116f000 ---p 4116e000 00:00 0 
4116f000-41b6f000 rwxp 4116f000 00:00 0 
41ca3000-41ca6000 ---p 41ca3000 00:00 0 
41ca6000-426a4000 rwxp 41ca6000 00:00 0 
426a4000-426a5000 ---p 426a4000 00:00 0 
426a5000-430a5000 rwxp 426a5000 00:00 0 
430a5000-430a6000 ---p 430a5000 00:00 0 
430a6000-43aa6000 rwxp 430a6000 00:00 0 
43aa6000-43aa7000 ---p 43aa6000 00:00 0 
43aa7000-43ba7000 rwxp 43aa7000 00:00 0 
43ba7000-43ba8000 ---p 43ba7000 00:00 0 
43ba8000-43ca8000 rwxp 43ba8000 00:00 0 
43ca8000-43ca9000 ---p 43ca8000 00:00 0 
43ca9000-43da9000 rwxp 43ca9000 00:00 0 
43da9000-43daa000 ---p 43da9000 00:00 0 
43daa000-43eaa000 rwxp 43daa000 00:00 0 
43eaa000-43eab000 ---p 43eaa000 00:00 0 
43eab000-43fab000 rwxp 43eab000 00:00 0 
43fab000-43fac000 ---p 43fab000 00:00 0 
43fac000-440ac000 rwxp 43fac000 00:00 0 
440ac000-440ad000 ---p 440ac000 00:00 0 
440ad000-441ad000 rwxp 440ad000 00:00 0 
441ad000-441ae000 ---p 441ad000 00:00 0 
441ae000-442ae000 rwxp 441ae000 00:00 0 
442ae000-442af000 ---p 442ae000 00:00 0 
442af000-443af000 rwxp 442af000 00:00 0 
443af000-443b0000 ---p 443af000 00:00 0 
443b0000-444b0000 rwxp 443b0000 00:00 0 
444b0000-444b1000 ---p 444b0000 00:00 0 
444b1000-445b1000 rwxp 444b1000 00:00 0 
445b1000-445b2000 ---p 445b1000 00:00 0 
445b2000-446b2000 rwxp 445b2000 00:00 0 
446b2000-446b3000 ---p 446b2000 00:00 0 
446b3000-447b3000 rwxp 446b3000 00:00 0 
447b3000-447b4000 ---p 447b3000 00:00 0 
447b4000-448b4000 rwxp 447b4000 00:00 0 
448b4000-448b5000 ---p 448b4000 00:00 0 
448b5000-449b5000 rwxp 448b5000 00:00 0 
449b5000-449b6000 ---p 449b5000 00:00 0 
449b6000-44ab6000 rwxp 449b6000 00:00 0 
44ab6000-44ab7000 ---p 44ab6000 00:00 0 
44ab7000-44bb7000 rwxp 44ab7000 00:00 0 
344a800000-344a81c000 r-xp 00000000 fd:00 688702                         /lib64/ld-2.5.so
344aa1b000-344aa1c000 r--p 0001b000 fd:00 688702                         /lib64/ld-2.5.so
344aa1c000-344aa1d000 rw-p 0001c000 fd:00 688702                         /lib64/ld-2.5.so
344ac00000-344ad4e000 r-xp 00000000 fd:00 688703                         /lib64/libc-2.5.so
344ad4e000-344af4d000 ---p 0014e000 fd:00 688703                         /lib64/libc-2.5.so
344af4d000-344af51000 r--p 0014d000 fd:00 688703                         /lib64/libc-2.5.so
344af51000-344af52000 rw-p 00151000 fd:00 688703                         /lib64/libc-2.5.so
344af52000-344af57000 rw-p 344af52000 00:00 0 
344b000000-344b082000 r-xp 00000000 fd:00 688712                         /lib64/libm-2.5.so
344b082000-344b281000 ---p 00082000 fd:00 688712                         /lib64/libm-2.5.so
344b281000-344b282000 r--p 00081000 fd:00 688712                         /lib64/libm-2.5.so
344b282000-344b283000 rw-p 00082000 fd:00 688712                         /lib64/libm-2.5.so
344b400000-344b402000 r-xp 00000000 fd:00 688711                         /lib64/libdl-2.5.so
344b402000-344b602000 ---p 00002000 fd:00 688711                         /lib64/libdl-2.5.so
344b602000-344b603000 r--p 00002000 fd:00 688711                         /lib64/libdl-2.5.so
344b603000-344b604000 rw-p 00003000 fd:00 688711                         /lib64/libdl-2.5.so
344b800000-344b816000 r-xp 00000000 fd:00 688706                         /lib64/libpthread-2.5.so
344b816000-344ba15000 ---p 00016000 fd:00 688706                         /lib64/libpthread-2.5.so
344ba15000-344ba16000 r--p 00015000 fd:00 688706                         /lib64/libpthread-2.5.so
344ba16000-344ba17000 rw-p 00016000 fd:00 688706                         /lib64/libpthread-2.5.so
344ba17000-344ba1b000 rw-p 344ba17000 00:00 0 
344bc00000-344bc14000 r-xp 00000000 fd:04 723449                         /usr/lib64/libz.so.1.2.3
344bc14000-344be13000 ---p 00014000 fd:04 723449                         /usr/lib64/libz.so.1.2.3
344be13000-344be14000 rw-p 00013000 fd:04 723449                         /usr/lib64/libz.so.1.2.3
344c000000-344c105000 r-xp 00000000 fd:04 723512                         /usr/lib64/libX11.so.6.2.0
344c105000-344c305000 ---p 00105000 fd:04 723512                         /usr/lib64/libX11.so.6.2.0
344c305000-344c30c000 rw-p 00105000 fd:04 723512                         /usr/lib64/libX11.so.6.2.0
344c400000-344c402000 r-xp 00000000 fd:04 723503                         /usr/lib64/libXau.so.6.0.0
344c402000-344c601000 ---p 00002000 fd:04 723503                         /usr/lib64/libXau.so.6.0.0
344c601000-344c602000 rw-p 00001000 fd:04 723503                         /usr/lib64/libXau.so.6.0.0
344c800000-344c805000 r-xp 00000000 fd:04 723509                         /usr/lib64/libXdmcp.so.6.0.0
344c805000-344ca04000 ---p 00005000 fd:04 723509                         /usr/lib64/libXdmcp.so.6.0.0
344ca04000-344ca05000 rw-p 00004000 fd:04 723509                         /usr/lib64/libXdmcp.so.6.0.0
344cc00000-344cc10000 r-xp 00000000 fd:04 723551                         /usr/lib64/libXext.so.6.4.0
344cc10000-344ce10000 ---p 00010000 fd:04 723551                         /usr/lib64/libXext.so.6.4.0
344ce10000-344ce11000 rw-p 00010000 fd:04 723551                         /usr/lib64/libXext.so.6.4.0
344d000000-344d007000 r-xp 00000000 fd:00 688707                         /lib64/librt-2.5.so
344d007000-344d207000 ---p 00007000 fd:00 688707                         /lib64/librt-2.5.so
344d207000-344d208000 r--p 00007000 fd:00 688707                         /lib64/librt-2.5.so
344d208000-344d209000 rw-p 00008000 fd:00 688707                         /lib64/librt-2.5.so
344e000000-344e010000 r-xp 00000000 fd:04 722637                         /usr/lib64/libXpm.so.4.11.0
344e010000-344e210000 ---p 00010000 fd:04 722637                         /usr/lib64/libXpm.so.4.11.0
344e210000-344e211000 rw-p 00010000 fd:04 722637                         /usr/lib64/libXpm.so.4.11.0
3450000000-3450017000 r-xp 00000000 fd:04 721814                         /usr/lib64/libICE.so.6.3.0
3450017000-3450216000 ---p 00017000 fd:04 721814                         /usr/lib64/libICE.so.6.3.0
3450216000-3450218000 rw-p 00016000 fd:04 721814                         /usr/lib64/libICE.so.6.3.0
3450218000-345021b000 rw-p 3450218000 00:00 0 
3450800000-3450809000 r-xp 00000000 fd:04 721947                         /usr/lib64/libSM.so.6.0.0
3450809000-3450a09000 ---p 00009000 fd:04 721947                         /usr/lib64/libSM.so.6.0.0
3450a09000-3450a0a000 rw-p 00009000 fd:04 721947                         /usr/lib64/libSM.so.6.0.0
3451400000-3451415000 r-xp 00000000 fd:00 688710                         /lib64/libnsl-2.5.so
3451415000-3451614000 ---p 00015000 fd:00 688710                         /lib64/libnsl-2.5.so
3451614000-3451615000 r--p 00014000 fd:00 688710                         /lib64/libnsl-2.5.so
3451615000-3451616000 rw-p 00015000 fd:00 688710                         /lib64/libnsl-2.5.so
3451616000-3451618000 rw-p 3451616000 00:00 0 
3459600000-345965b000 r-xp 00000000 fd:04 723587                         /usr/lib64/libXt.so.6.0.0
345965b000-345985a000 ---p 0005b000 fd:04 723587                         /usr/lib64/libXt.so.6.0.0
345985a000-3459860000 rw-p 0005a000 fd:04 723587                         /usr/lib64/libXt.so.6.0.0
3459860000-3459861000 rw-p 3459860000 00:00 0 
345da00000-345da4f000 r-xp 00000000 fd:04 723168                         /usr/lib64/libncurses.so.5.5
345da4f000-345dc4e000 ---p 0004f000 fd:04 723168                         /usr/lib64/libncurses.so.5.5
345dc4e000-345dc5c000 rw-p 0004e000 fd:04 723168                         /usr/lib64/libncurses.so.5.5
345dc5c000-345dc5d000 rw-p 345dc5c000 00:00 0 
2aaaaaaab000-2aaaaaaac000 rw-p 2aaaaaaab000 00:00 0 
2aaaaaaac000-2aaaaaae1000 r--s 00000000 fd:02 524290                     /var/db/nscd/passwd
2aaaaaae1000-2aaaaab16000 r--s 00000000 fd:02 524294                     /var/db/nscd/hosts
2aaaaab3a000-2aaaaab44000 r-xp 00000000 fd:00 688194                     /lib64/libnss_files-2.5.so
2aaaaab44000-2aaaaad43000 ---p 0000a000 fd:00 688194                     /lib64/libnss_files-2.5.so
2aaaaad43000-2aaaaad44000 r--p 00009000 fd:00 688194                     /lib64/libnss_files-2.5.so
2aaaaad44000-2aaaaad45000 rw-p 0000a000 fd:00 688194                     /lib64/libnss_files-2.5.so
2aaaaad45000-2aaaaad6e000 r-xp 00000000 fd:04 1769667                    /usr/local/matlab2009b/sys/java/jre/glnxa64/jre/lib/amd64/libjava.so
2aaaaad6e000-2aaaaae6d000 ---p 00029000 fd:04 1769667                    /usr/local/matlab2009b/sys/java/jre/glnxa64/jre/lib/amd64/libjava.so
2aaaaae6d000-2aaaaae74000 rw-p 00028000 fd:04 1769667                    /usr/local/matlab2009b/sys/java/jre/glnxa64/jre/lib/amd64/libjava.so
2aaaaae74000-2aaaab501000 r-xp 00000000 fd:04 1769696                    /usr/local/matlab2009b/sys/java/jre/glnxa64/jre/lib/amd64/server/libjvm.so
2aaaab501000-2aaaab600000 ---p 0068d000 fd:04 1769696                    /usr/local/matlab2009b/sys/java/jre/glnxa64/jre/lib/amd64/server/libjvm.so
2aaaab600000-2aaaab751000 rw-p 0068c000 fd:04 1769696                    /usr/local/matlab2009b/sys/java/jre/glnxa64/jre/lib/amd64/server/libjvm.so
2aaaab751000-2aaaab78e000 rw-p 2aaaab751000 00:00 0 
2aaaab78e000-2aaaab79b000 r-xp 00000000 fd:04 1769687                    /usr/local/matlab2009b/sys/java/jre/glnxa64/jre/lib/amd64/libverify.so
2aaaab79b000-2aaaab89a000 ---p 0000d000 fd:04 1769687                    /usr/local/matlab2009b/sys/java/jre/glnxa64/jre/lib/amd64/libverify.so
2aaaab89a000-2aaaab89d000 rw-p 0000c000 fd:04 1769687                    /usr/local/matlab2009b/sys/java/jre/glnxa64/jre/lib/amd64/libverify.so
2aaaab89d000-2aaaab89e000 r--p 2aaaab89d000 00:00 0 
2aaaab89e000-2aaaab89f000 rw-p 2aaaab89e000 00:00 0 
2aaaab89f000-2aaaab8a6000 r-xp 00000000 fd:04 1769692                    /usr/local/matlab2009b/sys/java/jre/glnxa64/jre/lib/amd64/native_threads/libhpi.so
2aaaab8a6000-2aaaab9a7000 ---p 00007000 fd:04 1769692                    /usr/local/matlab2009b/sys/java/jre/glnxa64/jre/lib/amd64/native_threads/libhpi.so
2aaaab9a7000-2aaaab9a9000 rw-p 00008000 fd:04 1769692                    /usr/local/matlab2009b/sys/java/jre/glnxa64/jre/lib/amd64/native_threads/libhpi.so
2aaaab9a9000-2aaaab9aa000 rw-p 2aaaab9a9000 00:00 0 
2aaaab9aa000-2aaaab9b2000 rw-s 00000000 fd:03 819208                     /tmp/hsperfdata_plsang/20806
2aaaab9b2000-2aaaab9c0000 r-xp 00000000 fd:04 1769688                    /usr/local/matlab2009b/sys/java/jre/glnxa64/jre/lib/amd64/libzip.so
2aaaab9c0000-2aaaabac2000 ---p 0000e000 fd:04 1769688                    /usr/local/matlab2009b/sys/java/jre/glnxa64/jre/lib/amd64/libzip.so
2aaaabac2000-2aaaabac5000 rw-p 00010000 fd:04 1769688                    /usr/local/matlab2009b/sys/java/jre/glnxa64/jre/lib/amd64/libzip.so
2aaaabac5000-2aaaabac6000 rw-p 2aaaabac5000 00:00 0 
2aaaabac6000-2aaaaeb86000 rwxp 2aaaabac6000 00:00 0 
2aaaaeb90000-2aaac30bd000 rwxp 2aaaaeb90000 00:00 0 
2b19c5bd9000-2b19c5bdb000 rw-p 2b19c5bd9000 00:00 0 
2b19c5bdb000-2b19c5ca1000 r-xp 00000000 fd:04 1704231                    /usr/local/matlab2009b/bin/glnxa64/libut.so
2b19c5ca1000-2b19c5ea0000 ---p 000c6000 fd:04 1704231                    /usr/local/matlab2009b/bin/glnxa64/libut.so
2b19c5ea0000-2b19c5eaa000 rw-p 000c5000 fd:04 1704231                    /usr/local/matlab2009b/bin/glnxa64/libut.so
2b19c5eaa000-2b19c5ebf000 rw-p 2b19c5eaa000 00:00 0 
2b19c5ebf000-2b19c5efc000 r-xp 00000000 fd:04 1704060                    /usr/local/matlab2009b/bin/glnxa64/libmwfl.so
2b19c5efc000-2b19c60fc000 ---p 0003d000 fd:04 1704060                    /usr/local/matlab2009b/bin/glnxa64/libmwfl.so
2b19c60fc000-2b19c6101000 rw-p 0003d000 fd:04 1704060                    /usr/local/matlab2009b/bin/glnxa64/libmwfl.so
2b19c6101000-2b19c6102000 rw-p 2b19c6101000 00:00 0 
2b19c6102000-2b19c6194000 r-xp 00000000 fd:04 1704172                    /usr/local/matlab2009b/bin/glnxa64/libmx.so
2b19c6194000-2b19c6394000 ---p 00092000 fd:04 1704172                    /usr/local/matlab2009b/bin/glnxa64/libmx.so
2b19c6394000-2b19c6397000 rw-p 00092000 fd:04 1704172                    /usr/local/matlab2009b/bin/glnxa64/libmx.so
2b19c6397000-2b19c63cf000 r-xp 00000000 fd:04 1704136                    /usr/local/matlab2009b/bin/glnxa64/libmwmpath.so
2b19c63cf000-2b19c65ce000 ---p 00038000 fd:04 1704136                    /usr/local/matlab2009b/bin/glnxa64/libmwmpath.so
2b19c65ce000-2b19c65d2000 rw-p 00037000 fd:04 1704136                    /usr/local/matlab2009b/bin/glnxa64/libmwmpath.so
2b19c65d2000-2b19c65d4000 rw-p 2b19c65d2000 00:00 0 
2b19c65d4000-2b19c675e000 r-xp 00000000 fd:04 1704146                    /usr/local/matlab2009b/bin/glnxa64/libmwservices.so
2b19c675e000-2b19c695d000 ---p 0018a000 fd:04 1704146                    /usr/local/matlab2009b/bin/glnxa64/libmwservices.so
2b19c695d000-2b19c696b000 rw-p 00189000 fd:04 1704146                    /usr/local/matlab2009b/bin/glnxa64/libmwservices.so
2b19c696b000-2b19c697c000 rw-p 2b19c696b000 00:00 0 
2b19c697c000-2b19c69ca000 r-xp 00000000 fd:04 1704084                    /usr/local/matlab2009b/bin/glnxa64/libmwjmi.so
2b19c69ca000-2b19c6bca000 ---p 0004e000 fd:04 1704084                    /usr/local/matlab2009b/bin/glnxa64/libmwjmi.so
2b19c6bca000-2b19c6bce000 rw-p 0004e000 fd:04 1704084                    /usr/local/matlab2009b/bin/glnxa64/libmwjmi.so
2b19c6bce000-2b19c6bcf000 rw-p 2b19c6bce000 00:00 0 
2b19c6bcf000-2b19c6bf0000 r-xp 00000000 fd:04 1704045                    /usr/local/matlab2009b/bin/glnxa64/libmwbridge.so
2b19c6bf0000-2b19c6df0000 ---p 00021000 fd:04 1704045                    /usr/local/matlab2009b/bin/glnxa64/libmwbridge.so
2b19c6df0000-2b19c6df3000 rw-p 00021000 fd:04 1704045                    /usr/local/matlab2009b/bin/glnxa64/libmwbridge.so
2b19c6df3000-2b19c6df9000 rw-p 2b19c6df3000 00:00 0 
2b19c6df9000-2b19c6e5e000 r-xp 00000000 fd:04 1704124                    /usr/local/matlab2009b/bin/glnxa64/libmwmcr.so
2b19c6e5e000-2b19c705e000 ---p 00065000 fd:04 1704124                    /usr/local/matlab2009b/bin/glnxa64/libmwmcr.so
2b19c705e000-2b19c7062000 rw-p 00065000 fd:04 1704124                    /usr/local/matlab2009b/bin/glnxa64/libmwmcr.so
2b19c7062000-2b19c7069000 rw-p 2b19c7062000 00:00 0 
2b19c7069000-2b19c70e1000 r-xp 00000000 fd:04 1704092                    /usr/local/matlab2009b/bin/glnxa64/libmwm_dispatcher.so
2b19c70e1000-2b19c72e1000 ---p 00078000 fd:04 1704092                    /usr/local/matlab2009b/bin/glnxa64/libmwm_dispatcher.so
2b19c72e1000-2b19c72e6000 rw-p 00078000 fd:04 1704092                    /usr/local/matlab2009b/bin/glnxa64/libmwm_dispatcher.so
2b19c72e6000-2b19c72e7000 rw-p 2b19c72e6000 00:00 0 
2b19c72e7000-2b19c77d1000 r-xp 00000000 fd:04 1704094                    /usr/local/matlab2009b/bin/glnxa64/libmwm_interpreter.so
2b19c77d1000-2b19c79d0000 ---p 004ea000 fd:04 1704094                    /usr/local/matlab2009b/bin/glnxa64/libmwm_interpreter.so
2b19c79d0000-2b19c7aa6000 rw-p 004e9000 fd:04 1704094                    /usr/local/matlab2009b/bin/glnxa64/libmwm_interpreter.so
2b19c7aa6000-2b19c7b45000 rw-p 2b19c7aa6000 00:00 0 
2b19c7b45000-2b19c7c2c000 r-xp 00000000 fd:04 1802766                    /usr/local/matlab2009b/sys/os/glnxa64/libstdc++.so.6.0.9
2b19c7c2c000-2b19c7e2b000 ---p 000e7000 fd:04 1802766                    /usr/local/matlab2009b/sys/os/glnxa64/libstdc++.so.6.0.9
2b19c7e2b000-2b19c7e32000 r--p 000e6000 fd:04 1802766                    /usr/local/matlab2009b/sys/os/glnxa64/libstdc++.so.6.0.9
2b19c7e32000-2b19c7e34000 rw-p 000ed000 fd:04 1802766                    /usr/local/matlab2009b/sys/os/glnxa64/libstdc++.so.6.0.9
2b19c7e34000-2b19c7e47000 rw-p 2b19c7e34000 00:00 0 
2b19c7e6b000-2b19c7e6c000 rw-p 2b19c7e6b000 00:00 0 
2b19c7e6c000-2b19c7e79000 r-xp 00000000 fd:04 1802753                    /usr/local/matlab2009b/sys/os/glnxa64/libgcc_s.so.1
2b19c7e79000-2b19c8078000 ---p 0000d000 fd:04 1802753                    /usr/local/matlab2009b/sys/os/glnxa64/libgcc_s.so.1
2b19c8078000-2b19c8079000 rw-p 0000c000 fd:04 1802753                    /usr/local/matlab2009b/sys/os/glnxa64/libgcc_s.so.1
2b19c8079000-2b19c807b000 rw-p 2b19c8079000 00:00 0 
2b19c807b000-2b19c809c000 r-xp 00000000 fd:04 1703993                    /usr/local/matlab2009b/bin/glnxa64/libexpat.so.1.5.0
2b19c809c000-2b19c829b000 ---p 00021000 fd:04 1703993                    /usr/local/matlab2009b/bin/glnxa64/libexpat.so.1.5.0
2b19c829b000-2b19c829e000 rw-p 00020000 fd:04 1703993                    /usr/local/matlab2009b/bin/glnxa64/libexpat.so.1.5.0
2b19c829e000-2b19c829f000 r-xp 00000000 fd:04 1704016                    /usr/local/matlab2009b/bin/glnxa64/libicudata.so.40.0
2b19c829f000-2b19c849e000 ---p 00001000 fd:04 1704016                    /usr/local/matlab2009b/bin/glnxa64/libicudata.so.40.0
2b19c849e000-2b19c849f000 rw-p 00000000 fd:04 1704016                    /usr/local/matlab2009b/bin/glnxa64/libicudata.so.40.0
2b19c849f000-2b19c84a0000 rw-p 2b19c849f000 00:00 0 
2b19c84a0000-2b19c85d4000 r-xp 00000000 fd:04 1704022                    /usr/local/matlab2009b/bin/glnxa64/libicuuc.so.40.0
2b19c85d4000-2b19c87d4000 ---p 00134000 fd:04 1704022                    /usr/local/matlab2009b/bin/glnxa64/libicuuc.so.40.0
2b19c87d4000-2b19c87e4000 rw-p 00134000 fd:04 1704022                    /usr/local/matlab2009b/bin/glnxa64/libicuuc.so.40.0
2b19c87e4000-2b19c87e6000 rw-p 2b19c87e4000 00:00 0 
2b19c87e6000-2b19c895e000 r-xp 00000000 fd:04 1704018                    /usr/local/matlab2009b/bin/glnxa64/libicui18n.so.40.0
2b19c895e000-2b19c8b5d000 ---p 00178000 fd:04 1704018                    /usr/local/matlab2009b/bin/glnxa64/libicui18n.so.40.0
2b19c8b5d000-2b19c8b6a000 rw-p 00177000 fd:04 1704018                    /usr/local/matlab2009b/bin/glnxa64/libicui18n.so.40.0
2b19c8b6a000-2b19c8b75000 r-xp 00000000 fd:04 1704020                    /usr/local/matlab2009b/bin/glnxa64/libicuio.so.40.0
2b19c8b75000-2b19c8d74000 ---p 0000b000 fd:04 1704020                    /usr/local/matlab2009b/bin/glnxa64/libicuio.so.40.0
2b19c8d74000-2b19c8d76000 rw-p 0000a000 fd:04 1704020                    /usr/local/matlab2009b/bin/glnxa64/libicuio.so.40.0
2b19c8d76000-2b19c8d77000 rw-p 2b19c8d76000 00:00 0 
2b19c8d77000-2b19c8d87000 r-xp 00000000 fd:04 1703982                    /usr/local/matlab2009b/bin/glnxa64/libboost_thread-gcc42-mt-1_36.so.1.36.0
2b19c8d87000-2b19c8f86000 ---p 00010000 fd:04 1703982                    /usr/local/matlab2009b/bin/glnxa64/libboost_thread-gcc42-mt-1_36.so.1.36.0
2b19c8f86000-2b19c8f88000 rw-p 0000f000 fd:04 1703982                    /usr/local/matlab2009b/bin/glnxa64/libboost_thread-gcc42-mt-1_36.so.1.36.0
2b19c8f88000-2b19c8f9d000 r-xp 00000000 fd:04 1703980                    /usr/local/matlab2009b/bin/glnxa64/libboost_signals-gcc42-mt-1_36.so.1.36.0
2b19c8f9d000-2b19c919c000 ---p 00015000 fd:04 1703980                    /usr/local/matlab2009b/bin/glnxa64/libboost_signals-gcc42-mt-1_36.so.1.36.0
2b19c919c000-2b19c919d000 rw-p 00014000 fd:04 1703980                    /usr/local/matlab2009b/bin/glnxa64/libboost_signals-gcc42-mt-1_36.so.1.36.0
2b19c919d000-2b19c919e000 rw-p 2b19c919d000 00:00 0 
2b19c919e000-2b19c91a1000 r-xp 00000000 fd:04 1703981                    /usr/local/matlab2009b/bin/glnxa64/libboost_system-gcc42-mt-1_36.so.1.36.0
2b19c91a1000-2b19c93a0000 ---p 00003000 fd:04 1703981                    /usr/local/matlab2009b/bin/glnxa64/libboost_system-gcc42-mt-1_36.so.1.36.0
2b19c93a0000-2b19c93a1000 rw-p 00002000 fd:04 1703981                    /usr/local/matlab2009b/bin/glnxa64/libboost_system-gcc42-mt-1_36.so.1.36.0
2b19c93a1000-2b19c93a2000 rw-p 2b19c93a1000 00:00 0 
2b19c93a2000-2b19c93d4000 r-xp 00000000 fd:04 1704130                    /usr/local/matlab2009b/bin/glnxa64/libmwmlutil.so
2b19c93d4000-2b19c95d4000 ---p 00032000 fd:04 1704130                    /usr/local/matlab2009b/bin/glnxa64/libmwmlutil.so
2b19c95d4000-2b19c95d6000 rw-p 00032000 fd:04 1704130                    /usr/local/matlab2009b/bin/glnxa64/libmwmlutil.so
2b19c95d6000-2b19c95ed000 r-xp 00000000 fd:04 1703973                    /usr/local/matlab2009b/bin/glnxa64/libboost_filesystem-gcc42-mt-1_36.so.1.36.0
2b19c95ed000-2b19c97ec000 ---p 00017000 fd:04 1703973                    /usr/local/matlab2009b/bin/glnxa64/libboost_filesystem-gcc42-mt-1_36.so.1.36.0
2b19c97ec000-2b19c97ee000 rw-p 00016000 fd:04 1703973                    /usr/local/matlab2009b/bin/glnxa64/libboost_filesystem-gcc42-mt-1_36.so.1.36.0
2b19c97ee000-2b19c97ef000 rw-p 2b19c97ee000 00:00 0 
2b19c97ef000-2b19c9856000 r-xp 00000000 fd:04 1704118                    /usr/local/matlab2009b/bin/glnxa64/libmwmathutil.so
2b19c9856000-2b19c9a56000 ---p 00067000 fd:04 1704118                    /usr/local/matlab2009b/bin/glnxa64/libmwmathutil.so
2b19c9a56000-2b19c9a57000 rw-p 00067000 fd:04 1704118                    /usr/local/matlab2009b/bin/glnxa64/libmwmathutil.so
2b19c9a57000-2b19c9a80000 r-xp 00000000 fd:04 1704225                    /usr/local/matlab2009b/bin/glnxa64/libtbb.so.2
2b19c9a80000-2b19c9b7f000 ---p 00029000 fd:04 1704225                    /usr/local/matlab2009b/bin/glnxa64/libtbb.so.2
2b19c9b7f000-2b19c9b82000 rw-p 00028000 fd:04 1704225                    /usr/local/matlab2009b/bin/glnxa64/libtbb.so.2
2b19c9b82000-2b19c9b83000 rw-p 2b19c9b82000 00:00 0 
2b19c9b83000-2b19c9be6000 r-xp 00000000 fd:04 1704078                    /usr/local/matlab2009b/bin/glnxa64/libmwiqm.so
2b19c9be6000-2b19c9de5000 ---p 00063000 fd:04 1704078                    /usr/local/matlab2009b/bin/glnxa64/libmwiqm.so
2b19c9de5000-2b19c9dea000 rw-p 00062000 fd:04 1704078                    /usr/local/matlab2009b/bin/glnxa64/libmwiqm.so
2b19c9dea000-2b19c9df8000 r-xp 00000000 fd:04 1704032                    /usr/local/matlab2009b/bin/glnxa64/libmex.so
2b19c9df8000-2b19c9ff8000 ---p 0000e000 fd:04 1704032                    /usr/local/matlab2009b/bin/glnxa64/libmex.so
2b19c9ff8000-2b19c9ff9000 rw-p 0000e000 fd:04 1704032                    /usr/local/matlab2009b/bin/glnxa64/libmex.so
2b19c9ff9000-2b19c9ffa000 rw-p 2b19c9ff9000 00:00 0 
2b19c9ffa000-2b19ca235000 r-xp 00000000 fd:04 1704098                    /usr/local/matlab2009b/bin/glnxa64/libmwm_parser.so
2b19ca235000-2b19ca435000 ---p 0023b000 fd:04 1704098                    /usr/local/matlab2009b/bin/glnxa64/libmwm_parser.so
2b19ca435000-2b19ca893000 rw-p 0023b000 fd:04 1704098                    /usr/local/matlab2009b/bin/glnxa64/libmwm_parser.so
2b19ca893000-2b19ca894000 rw-p 2b19ca893000 00:00 0 
2b19ca894000-2b19ca95e000 r-xp 00000000 fd:04 1704159                    /usr/local/matlab2009b/bin/glnxa64/libmwudd.so
2b19ca95e000-2b19cab5d000 ---p 000ca000 fd:04 1704159                    /usr/local/matlab2009b/bin/glnxa64/libmwudd.so
2b19cab5d000-2b19cab73000 rw-p 000c9000 fd:04 1704159                    /usr/local/matlab2009b/bin/glnxa64/libmwudd.so
2b19cab73000-2b19cab77000 rw-p 2b19cab73000 00:00 0 
2b19cab77000-2b19cabe8000 r-xp 00000000 fd:04 1704128                    /usr/local/matlab2009b/bin/glnxa64/libmwmlint.so
2b19cabe8000-2b19cade7000 ---p 00071000 fd:04 1704128                    /usr/local/matlab2009b/bin/glnxa64/libmwmlint.so
2b19cade7000-2b19cadee000 rw-p 00070000 fd:04 1704128                    /usr/local/matlab2009b/bin/glnxa64/libmwmlint.so
2b19cadee000-2b19cadf5000 r-xp 00000000 fd:04 1704138                    /usr/local/matlab2009b/bin/glnxa64/libmwmtok.so
2b19cadf5000-2b19caff4000 ---p 00007000 fd:04 1704138                    /usr/local/matlab2009b/bin/glnxa64/libmwmtok.so
2b19caff4000-2b19caff5000 rw-p 00006000 fd:04 1704138                    /usr/local/matlab2009b/bin/glnxa64/libmwmtok.so
2b19caff5000-2b19cb226000 r-xp 00000000 fd:04 1704120                    /usr/local/matlab2009b/bin/glnxa64/libmwmcos.so
2b19cb226000-2b19cb425000 ---p 00231000 fd:04 1704120                    /usr/local/matlab2009b/bin/glnxa64/libmwmcos.so
2b19cb425000-2b19cb449000 rw-p 00230000 fd:04 1704120                    /usr/local/matlab2009b/bin/glnxa64/libmwmcos.so
2b19cb449000-2b19cb44b000 rw-p 2b19cb449000 00:00 0 
2b19cb44b000-2b19cb552000 r-xp 00000000 fd:04 1704064                    /usr/local/matlab2009b/bin/glnxa64/libmwgui.so
2b19cb552000-2b19cb751000 ---p 00107000 fd:04 1704064                    /usr/local/matlab2009b/bin/glnxa64/libmwgui.so
2b19cb751000-2b19cb78c000 rw-p 00106000 fd:04 1704064                    /usr/local/matlab2009b/bin/glnxa64/libmwgui.so
2b19cb78c000-2b19cb78d000 rw-p 2b19cb78c000 00:00 0 
2b19cb78d000-2b19cbe1b000 r-xp 00000000 fd:04 1704070                    /usr/local/matlab2009b/bin/glnxa64/libmwhg.so
2b19cbe1b000-2b19cc01a000 ---p 0068e000 fd:04 1704070                    /usr/local/matlab2009b/bin/glnxa64/libmwhg.so
2b19cc01a000-2b19cc0a4000 rw-p 0068d000 fd:04 1704070                    /usr/local/matlab2009b/bin/glnxa64/libmwhg.so
2b19cc0a4000-2b19cc0ad000 rw-p 2b19cc0a4000 00:00 0 
2b19cc0ad000-2b19cc0ed000 r-xp 00000000 fd:04 1704229                    /usr/local/matlab2009b/bin/glnxa64/libuij.so
2b19cc0ed000-2b19cc2ed000 ---p 00040000 fd:04 1704229                    /usr/local/matlab2009b/bin/glnxa64/libuij.so
2b19cc2ed000-2b19cc2ef000 rw-p 00040000 fd:04 1704229                    /usr/local/matlab2009b/bin/glnxa64/libuij.so
2b19cc2ef000-2b19cc2f1000 rw-p 2b19cc2ef000 00:00 0 
2b19cc2f1000-2b19cc385000 r-xp 00000000 fd:04 1704161                    /usr/local/matlab2009b/bin/glnxa64/libmwudd_mi.so
2b19cc385000-2b19cc584000 ---p 00094000 fd:04 1704161                    /usr/local/matlab2009b/bin/glnxa64/libmwudd_mi.so
2b19cc584000-2b19cc58f000 rw-p 00093000 fd:04 1704161                    /usr/local/matlab2009b/bin/glnxa64/libmwudd_mi.so
2b19cc58f000-2b19cc590000 rw-p 2b19cc58f000 00:00 0 
2b19cc590000-2b19cc595000 r-xp 00000000 fd:04 1704163                    /usr/local/matlab2009b/bin/glnxa64/libmwuinone.so
2b19cc595000-2b19cc795000 ---p 00005000 fd:04 1704163                    /usr/local/matlab2009b/bin/glnxa64/libmwuinone.so
2b19cc795000-2b19cc796000 rw-p 00005000 fd:04 1704163                    /usr/local/matlab2009b/bin/glnxa64/libmwuinone.so
2b19cc796000-2b19cc7dd000 r-xp 00000000 fd:04 1704096                    /usr/local/matlab2009b/bin/glnxa64/libmwm_ir.so
2b19cc7dd000-2b19cc9dd000 ---p 00047000 fd:04 1704096                    /usr/local/matlab2009b/bin/glnxa64/libmwm_ir.so
2b19cc9dd000-2b19cc9e5000 rw-p 00047000 fd:04 1704096                    /usr/local/matlab2009b/bin/glnxa64/libmwm_ir.so
2b19cc9e5000-2b19cc9e6000 rw-p 2b19cc9e5000 00:00 0 
2b19cc9e6000-2b19ccb26000 r-xp 00000000 fd:04 1704165                    /usr/local/matlab2009b/bin/glnxa64/libmwuix.so
2b19ccb26000-2b19ccd26000 ---p 00140000 fd:04 1704165                    /usr/local/matlab2009b/bin/glnxa64/libmwuix.so
2b19ccd26000-2b19ccd3a000 rw-p 00140000 fd:04 1704165                    /usr/local/matlab2009b/bin/glnxa64/libmwuix.so
2b19ccd3a000-2b19ccd3f000 rw-p 2b19ccd3a000 00:00 0 
2b19ccd3f000-2b19ccdb8000 r-xp 00000000 fd:04 1704168                    /usr/local/matlab2009b/bin/glnxa64/libmwxmlcore.so
2b19ccdb8000-2b19ccfb8000 ---p 00079000 fd:04 1704168                    /usr/local/matlab2009b/bin/glnxa64/libmwxmlcore.so
2b19ccfb8000-2b19ccfc0000 rw-p 00079000 fd:04 1704168                    /usr/local/matlab2009b/bin/glnxa64/libmwxmlcore.so
2b19ccfc0000-2b19ccfc2000 rw-p 2b19ccfc0000 00:00 0 
2b19ccfc2000-2b19cd085000 r-xp 00000000 fd:04 1703978                    /usr/local/matlab2009b/bin/glnxa64/libboost_regex-gcc42-mt-1_36.so.1.36.0
2b19cd085000-2b19cd284000 ---p 000c3000 fd:04 1703978                    /usr/local/matlab2009b/bin/glnxa64/libboost_regex-gcc42-mt-1_36.so.1.36.0
2b19cd284000-2b19cd289000 rw-p 000c2000 fd:04 1703978                    /usr/local/matlab2009b/bin/glnxa64/libboost_regex-gcc42-mt-1_36.so.1.36.0
2b19cd289000-2b19cd28a000 rw-p 2b19cd289000 00:00 0 
2b19cd28a000-2b19cd650000 r-xp 00000000 fd:04 1704234                    /usr/local/matlab2009b/bin/glnxa64/libxerces-c.so.27.0
2b19cd650000-2b19cd84f000 ---p 003c6000 fd:04 1704234                    /usr/local/matlab2009b/bin/glnxa64/libxerces-c.so.27.0
2b19cd84f000-2b19cd893000 rw-p 003c5000 fd:04 1704234                    /usr/local/matlab2009b/bin/glnxa64/libxerces-c.so.27.0
2b19cd893000-2b19cd895000 rw-p 2b19cd893000 00:00 0 
2b19cd895000-2b19cd8bd000 r-xp 00000000 fd:04 1704030                    /usr/local/matlab2009b/bin/glnxa64/libmat.so
2b19cd8bd000-2b19cdabc000 ---p 00028000 fd:04 1704030                    /usr/local/matlab2009b/bin/glnxa64/libmat.so
2b19cdabc000-2b19cdabe000 rw-p 00027000 fd:04 1704030                    /usr/local/matlab2009b/bin/glnxa64/libmat.so
2b19cdabe000-2b19cdafa000 r-xp 00000000 fd:04 1704142                    /usr/local/matlab2009b/bin/glnxa64/libmwprofiler.so
2b19cdafa000-2b19cdcfa000 ---p 0003c000 fd:04 1704142                    /usr/local/matlab2009b/bin/glnxa64/libmwprofiler.so
2b19cdcfa000-2b19cdcfd000 rw-p 0003c000 fd:04 1704142                    /usr/local/matlab2009b/bin/glnxa64/libmwprofiler.so
2b19cdcfd000-2b19cdd24000 r-xp 00000000 fd:04 1704114                    /usr/local/matlab2009b/bin/glnxa64/libmwmathrng.so
2b19cdd24000-2b19cdf23000 ---p 00027000 fd:04 1704114                    /usr/local/matlab2009b/bin/glnxa64/libmwmathrng.so
2b19cdf23000-2b19cdf25000 rw-p 00026000 fd:04 1704114                    /usr/local/matlab2009b/bin/glnxa64/libmwmathrng.so
2b19cdf25000-2b19cdf28000 rw-p 2b19cdf25000 00:00 0 
2b19cdf28000-2b19cdf33000 r-xp 00000000 fd:04 1704126                    /usr/local/matlab2009b/bin/glnxa64/libmwmlib.so
2b19cdf33000-2b19ce132000 ---p 0000b000 fd:04 1704126                    /usr/local/matlab2009b/bin/glnxa64/libmwmlib.so
2b19ce132000-2b19ce134000 rw-p 0000a000 fd:04 1704126                    /usr/local/matlab2009b/bin/glnxa64/libmwmlib.so
2b19ce134000-2b19ce146000 r-xp 00000000 fd:04 1704102                    /usr/local/matlab2009b/bin/glnxa64/libmwm_pcodeio.so
2b19ce146000-2b19ce346000 ---p 00012000 fd:04 1704102                    /usr/local/matlab2009b/bin/glnxa64/libmwm_pcodeio.so
2b19ce346000-2b19ce347000 rw-p 00012000 fd:04 1704102                    /usr/local/matlab2009b/bin/glnxa64/libmwm_pcodeio.so
2b19ce347000-2b19ce360000 r-xp 00000000 fd:04 1704100                    /usr/local/matlab2009b/bin/glnxa64/libmwm_pcodegen.so
2b19ce360000-2b19ce55f000 ---p 00019000 fd:04 1704100                    /usr/local/matlab2009b/bin/glnxa64/libmwm_pcodegen.so
2b19ce55f000-2b19ce561000 rw-p 00018000 fd:04 1704100                    /usr/local/matlab2009b/bin/glnxa64/libmwm_pcodegen.so
2b19ce561000-2b19ce563000 rw-p 2b19ce561000 00:00 0 
2b19ce563000-2b19ce572000 r-xp 00000000 fd:04 1704082                    /usr/local/matlab2009b/bin/glnxa64/libmwir_xfmr.so
2b19ce572000-2b19ce772000 ---p 0000f000 fd:04 1704082                    /usr/local/matlab2009b/bin/glnxa64/libmwir_xfmr.so
2b19ce772000-2b19ce773000 rw-p 0000f000 fd:04 1704082                    /usr/local/matlab2009b/bin/glnxa64/libmwir_xfmr.so
2b19ce773000-2b19ce7a0000 r-xp 00000000 fd:04 1704068                    /usr/local/matlab2009b/bin/glnxa64/libmwhardcopy.so
2b19ce7a0000-2b19ce99f000 ---p 0002d000 fd:04 1704068                    /usr/local/matlab2009b/bin/glnxa64/libmwhardcopy.so
2b19ce99f000-2b19ce9a1000 rw-p 0002c000 fd:04 1704068                    /usr/local/matlab2009b/bin/glnxa64/libmwhardcopy.so
2b19ce9a1000-2b19ce9a3000 rw-p 2b19ce9a1000 00:00 0 
2b19ce9a3000-2b19cea7a000 r-xp 00000000 fd:04 1704112                    /usr/local/matlab2009b/bin/glnxa64/libmwmathlinalg.so
2b19cea7a000-2b19cec7a000 ---p 000d7000 fd:04 1704112                    /usr/local/matlab2009b/bin/glnxa64/libmwmathlinalg.so
2b19cec7a000-2b19cec7c000 rw-p 000d7000 fd:04 1704112                    /usr/local/matlab2009b/bin/glnxa64/libmwmathlinalg.so
2b19cec7c000-2b19cedf2000 r-xp 00000000 fd:04 1704074                    /usr/local/matlab2009b/bin/glnxa64/libmwhgdatatypes.so
2b19cedf2000-2b19ceff1000 ---p 00176000 fd:04 1704074                    /usr/local/matlab2009b/bin/glnxa64/libmwhgdatatypes.so
2b19ceff1000-2b19cf007000 rw-p 00175000 fd:04 1704074                    /usr/local/matlab2009b/bin/glnxa64/libmwhgdatatypes.so
2b19cf007000-2b19cf009000 rw-p 2b19cf007000 00:00 0 
2b19cf009000-2b19cf03d000 r-xp 00000000 fd:04 1704076                    /usr/local/matlab2009b/bin/glnxa64/libmwhgutils.so
2b19cf03d000-2b19cf23c000 ---p 00034000 fd:04 1704076                    /usr/local/matlab2009b/bin/glnxa64/libmwhgutils.so
2b19cf23c000-2b19cf23f000 rw-p 00033000 fd:04 1704076                    /usr/local/matlab2009b/bin/glnxa64/libmwhgutils.so
2b19cf23f000-2b19cf2dd000 r-xp 00000000 fd:04 1704086                    /usr/local/matlab2009b/bin/glnxa64/libmwlapack.so
2b19cf2dd000-2b19cf4dc000 ---p 0009e000 fd:04 1704086                    /usr/local/matlab2009b/bin/glnxa64/libmwlapack.so
2b19cf4dc000-2b19cf4e5000 rw-p 0009d000 fd:04 1704086                    /usr/local/matlab2009b/bin/glnxa64/libmwlapack.so
2b19cf4e5000-2b19cf758000 r-xp 00000000 fd:04 1802752                    /usr/local/matlab2009b/sys/os/glnxa64/libXm.so.3.0.2
2b19cf758000-2b19cf958000 ---p 00273000 fd:04 1802752                    /usr/local/matlab2009b/sys/os/glnxa64/libXm.so.3.0.2
2b19cf958000-2b19cf982000 rw-p 00273000 fd:04 1802752                    /usr/local/matlab2009b/sys/os/glnxa64/libXm.so.3.0.2
2b19cf982000-2b19cf985000 rw-p 2b19cf982000 00:00 0 
2b19cf985000-2b19cf9a0000 r-xp 00000000 fd:04 1704014                    /usr/local/matlab2009b/bin/glnxa64/libhdf5_hl.so.0.0.0
2b19cf9a0000-2b19cfba0000 ---p 0001b000 fd:04 1704014                    /usr/local/matlab2009b/bin/glnxa64/libhdf5_hl.so.0.0.0
2b19cfba0000-2b19cfba1000 rw-p 0001b000 fd:04 1704014                    /usr/local/matlab2009b/bin/glnxa64/libhdf5_hl.so.0.0.0
2b19cfba1000-2b19cfbb3000 rw-p 2b19cfba1000 00:00 0 
2b19cfbb3000-2b19cfe36000 r-xp 00000000 fd:04 1704012                    /usr/local/matlab2009b/bin/glnxa64/libhdf5.so.5.0.1
2b19cfe36000-2b19d0035000 ---p 00283000 fd:04 1704012                    /usr/local/matlab2009b/bin/glnxa64/libhdf5.so.5.0.1
2b19d0035000-2b19d003f000 rw-p 00282000 fd:04 1704012                    /usr/local/matlab2009b/bin/glnxa64/libhdf5.so.5.0.1
2b19d003f000-2b19d0041000 rw-p 2b19d003f000 00:00 0 
2b19d0041000-2b19d0452000 r-xp 00000000 fd:04 1704110                    /usr/local/matlab2009b/bin/glnxa64/libmwmathelem.so
2b19d0452000-2b19d0652000 ---p 00411000 fd:04 1704110                    /usr/local/matlab2009b/bin/glnxa64/libmwmathelem.so
2b19d0652000-2b19d065a000 rw-p 00411000 fd:04 1704110                    /usr/local/matlab2009b/bin/glnxa64/libmwmathelem.so
2b19d065a000-2b19d065b000 rw-p 2b19d065a000 00:00 0 
2b19d065b000-2b19d06e8000 r-xp 00000000 fd:04 1704106                    /usr/local/matlab2009b/bin/glnxa64/libmwmathcore.so
2b19d06e8000-2b19d08e7000 ---p 0008d000 fd:04 1704106                    /usr/local/matlab2009b/bin/glnxa64/libmwmathcore.so
2b19d08e7000-2b19d08eb000 rw-p 0008c000 fd:04 1704106                    /usr/local/matlab2009b/bin/glnxa64/libmwmathcore.so
2b19d08eb000-2b19d08ec000 rw-p 2b19d08eb000 00:00 0 
2b19d08ec000-2b19d0900000 r-xp 00000000 fd:04 1704041                    /usr/local/matlab2009b/bin/glnxa64/libmwblas.so
2b19d0900000-2b19d0aff000 ---p 00014000 fd:04 1704041                    /usr/local/matlab2009b/bin/glnxa64/libmwblas.so
2b19d0aff000-2b19d0b01000 rw-p 00013000 fd:04 1704041                    /usr/local/matlab2009b/bin/glnxa64/libmwblas.so
2b19d0b01000-2b19d0b09000 r-xp 00000000 fd:04 1704037                    /usr/local/matlab2009b/bin/glnxa64/libmwamd.so
2b19d0b09000-2b19d0d08000 ---p 00008000 fd:04 1704037                    /usr/local/matlab2009b/bin/glnxa64/libmwamd.so
2b19d0d08000-2b19d0d09000 rw-p 00007000 fd:04 1704037                    /usr/local/matlab2009b/bin/glnxa64/libmwamd.so
2b19d0d09000-2b19d0d4a000 r-xp 00000000 fd:04 1704051                    /usr/local/matlab2009b/bin/glnxa64/libmwcholmod.so
2b19d0d4a000-2b19d0f49000 ---p 00041000 fd:04 1704051                    /usr/local/matlab2009b/bin/glnxa64/libmwcholmod.so
2b19d0f49000-2b19d0f4a000 rw-p 00040000 fd:04 1704051                    /usr/local/matlab2009b/bin/glnxa64/libmwcholmod.so
2b19d0f4a000-2b19d0f4b000 rw-p 2b19d0f4a000 00:00 0 
2b19d0f4b000-2b19d0f51000 r-xp 00000000 fd:04 1704054                    /usr/local/matlab2009b/bin/glnxa64/libmwcolamd.so
2b19d0f51000-2b19d1150000 ---p 00006000 fd:04 1704054                    /usr/local/matlab2009b/bin/glnxa64/libmwcolamd.so
2b19d1150000-2b19d1151000 rw-p 00005000 fd:04 1704054                    /usr/local/matlab2009b/bin/glnxa64/libmwcolamd.so
2b19d1151000-2b19d115b000 r-xp 00000000 fd:04 1704055                    /usr/local/matlab2009b/bin/glnxa64/libmwcsparse.so
2b19d115b000-2b19d135b000 ---p 0000a000 fd:04 1704055                    /usr/local/matlab2009b/bin/glnxa64/libmwcsparse.so
2b19d135b000-2b19d135c000 rw-p 0000a000 fd:04 1704055                    /usr/local/matlab2009b/bin/glnxa64/libmwcsparse.so
2b19d135c000-2b19d135d000 rw-p 2b19d135c000 00:00 0 
2b19d135d000-2b19d1384000 r-xp 00000000 fd:04 1704104                    /usr/local/matlab2009b/bin/glnxa64/libmwma57.so
2b19d1384000-2b19d1583000 ---p 00027000 fd:04 1704104                    /usr/local/matlab2009b/bin/glnxa64/libmwma57.so
2b19d1583000-2b19d1584000 rw-p 00026000 fd:04 1704104                    /usr/local/matlab2009b/bin/glnxa64/libmwma57.so
2b19d1584000-2b19d15b6000 r-xp 00000000 fd:04 1704145                    /usr/local/matlab2009b/bin/glnxa64/libmwrookfastbp.so
2b19d15b6000-2b19d17b5000 ---p 00032000 fd:04 1704145                    /usr/local/matlab2009b/bin/glnxa64/libmwrookfastbp.so
2b19d17b5000-2b19d17b6000 rw-p 00031000 fd:04 1704145                    /usr/local/matlab2009b/bin/glnxa64/libmwrookfastbp.so
2b19d17b6000-2b19d17d7000 r-xp 00000000 fd:04 1704150                    /usr/local/matlab2009b/bin/glnxa64/libmwspqr.so
2b19d17d7000-2b19d19d6000 ---p 00021000 fd:04 1704150                    /usr/local/matlab2009b/bin/glnxa64/libmwspqr.so
2b19d19d6000-2b19d19d7000 rw-p 00020000 fd:04 1704150                    /usr/local/matlab2009b/bin/glnxa64/libmwspqr.so
2b19d19d7000-2b19d19d8000 rw-p 2b19d19d7000 00:00 0 
2b19d19d8000-2b19d1a2c000 r-xp 00000000 fd:04 1704167                    /usr/local/matlab2009b/bin/glnxa64/libmwumfpack.so
2b19d1a2c000-2b19d1c2b000 ---p 00054000 fd:04 1704167                    /usr/local/matlab2009b/bin/glnxa64/libmwumfpack.so
2b19d1c2b000-2b19d1c2c000 rw-p 00053000 fd:04 1704167                    /usr/local/matlab2009b/bin/glnxa64/libmwumfpack.so
2b19d1c2c000-2b19d1c34000 r-xp 00000000 fd:04 1704039                    /usr/local/matlab2009b/bin/glnxa64/libmwbinder.so
2b19d1c34000-2b19d1e33000 ---p 00008000 fd:04 1704039                    /usr/local/matlab2009b/bin/glnxa64/libmwbinder.so
2b19d1e33000-2b19d1e34000 rw-p 00007000 fd:04 1704039                    /usr/local/matlab2009b/bin/glnxa64/libmwbinder.so
2b19d1e34000-2b19d1e35000 rw-p 2b19d1e34000 00:00 0 
2b19d1e35000-2b19d1e4c000 r-xp 00000000 fd:04 722872                     /usr/lib64/libXmu.so.6.2.0
2b19d1e4c000-2b19d204b000 ---p 00017000 fd:04 722872                     /usr/lib64/libXmu.so.6.2.0
2b19d204b000-2b19d204d000 rw-p 00016000 fd:04 722872                     /usr/lib64/libXmu.so.6.2.0
2b19d204d000-2b19d204e000 rw-p 2b19d204d000 00:00 0 
2b19d204e000-2b19d2056000 r-xp 00000000 fd:04 723465                     /usr/lib64/libXp.so.6.2.0
2b19d2056000-2b19d2255000 ---p 00008000 fd:04 723465                     /usr/lib64/libXp.so.6.2.0
2b19d2255000-2b19d2256000 rw-p 00007000 fd:04 723465                     /usr/lib64/libXp.so.6.2.0
2b19d2256000-2b19d2257000 rw-p 2b19d2256000 00:00 0 
2b19d2257000-2b19d230f000 r-xp 00000000 fd:04 1802755                    /usr/local/matlab2009b/sys/os/glnxa64/libgfortran.so.2.0.0
2b19d230f000-2b19d250f000 ---p 000b8000 fd:04 1802755                    /usr/local/matlab2009b/sys/os/glnxa64/libgfortran.so.2.0.0
2b19d250f000-2b19d2511000 rw-p 000b8000 fd:04 1802755                    /usr/local/matlab2009b/sys/os/glnxa64/libgfortran.so.2.0.0
2b19d2511000-2b19d2517000 rw-p 2b19d2511000 00:00 0 
2b19d2517000-2b19d325b000 r--s 00000000 fd:04 1703967                    /usr/local/matlab2009b/bin/glnxa64/icudt40l.dat
2b19d325b000-2b19d6834000 r--p 00000000 fd:04 69187                      /usr/lib/locale/locale-archive
2b19d6834000-2b19d683b000 r--s 00000000 fd:04 721145                     /usr/lib64/gconv/gconv-modules.cache
2b19d683b000-2b19d7642000 r-xp 00000000 fd:04 1704239                    /usr/local/matlab2009b/bin/glnxa64/mkl.so
2b19d7642000-2b19d7841000 ---p 00e07000 fd:04 1704239                    /usr/local/matlab2009b/bin/glnxa64/mkl.so
2b19d7841000-2b19d7856000 rw-p 00e06000 fd:04 1704239                    /usr/local/matlab2009b/bin/glnxa64/mkl.so
2b19d7856000-2b19d786c000 rw-p 2b19d7856000 00:00 0 
2b19d786c000-2b19d78d8000 r-xp 00000000 fd:04 1704025                    /usr/local/matlab2009b/bin/glnxa64/libiomp5.so
2b19d78d8000-2b19d79d8000 ---p 0006c000 fd:04 1704025                    /usr/local/matlab2009b/bin/glnxa64/libiomp5.so
2b19d79d8000-2b19d79dd000 rw-p 0006c000 fd:04 1704025                    /usr/local/matlab2009b/bin/glnxa64/libiomp5.so
2b19d79dd000-2b19d79e4000 rw-p 2b19d79dd000 00:00 0 
2b19d79e4000-2b19d79e7000 r-xp 00000000 fd:04 1704240                    /usr/local/matlab2009b/bin/glnxa64/mklcompat.so
2b19d79e7000-2b19d7be6000 ---p 00003000 fd:04 1704240                    /usr/local/matlab2009b/bin/glnxa64/mklcompat.so
2b19d7be6000-2b19d7be7000 rw-p 00002000 fd:04 1704240                    /usr/local/matlab2009b/bin/glnxa64/mklcompat.so
7ffff8d8a000-7ffff8d9e000 rwxp 7ffffffea000 00:00 0                      [stack]
7ffff8d9e000-7ffff8d9f000 rw-p 7fffffffe000 00:00 0 
ffffffffff600000-ffffffffffe00000 ---p 00000000 00:00 0                  [vdso]

VM Arguments:
jvm_args: -Xms64m -XX:NewRatio=3 -XX:MaxPermSize=128m -Xmx196m -XX:MaxDirectMemorySize=2147400000 -Djava.util.prefs.PreferencesFactory=com.mathworks.util.DisabledPreferencesFactory -XX:+AllowUserSignalHandlers -Xrs -Djava.library.path=/usr/local/matlab2009b/bin/glnxa64 vfprintf abort -Djava.awt.headless=true -Dfile.encoding=UTF-8 
java_command: <unknown>
Launcher Type: generic

Environment Variables:
PATH=/net/per900a/raid0/plsang/software/gcc-4.8.1/release/bin:/net/per900a/raid0/plsang/usr/bin:/net/per900a/raid0/plsang/usr.local/bin:/usr/kerberos/bin:/usr/local/bin:/bin:/usr/bin:/opt/dell/srvadmin/bin
LD_LIBRARY_PATH=/usr/local/matlab2009b/sys/os/glnxa64:/usr/local/matlab2009b/bin/glnxa64:/usr/local/matlab2009b/extern/lib/glnxa64:/usr/local/matlab2009b/sys/java/jre/glnxa64/jre/lib/amd64/native_threads:/usr/local/matlab2009b/sys/java/jre/glnxa64/jre/lib/amd64/server:/usr/local/matlab2009b/sys/java/jre/glnxa64/jre/lib/amd64:/net/per900a/raid0/plsang/software/gcc-4.8.1/release/lib:/net/per900a/raid0/plsang/software/boost_1_54_0/release/lib:/net/per900a/raid0/plsang/usr/lib:/net/per900a/raid0/plsang/software/opencv-2.4.6.1/release/lib:/net/per900a/raid0/plsang/usr.local/lib:/usr/local/lib:
SHELL=/bin/bash
DISPLAY=
ARCH=glnxa64

Signal Handlers:
SIGSEGV: [libjvm.so+0x5fcd20], sa_mask[0]=0x7ffbfeff, sa_flags=0x10000004
SIGBUS: [libjvm.so+0x5fcd20], sa_mask[0]=0x7ffbfeff, sa_flags=0x10000004
SIGFPE: [libjvm.so+0x4e0eb0], sa_mask[0]=0x7ffbfeff, sa_flags=0x10000004
SIGPIPE: [libjvm.so+0x4e0eb0], sa_mask[0]=0x7ffbfeff, sa_flags=0x10000004
SIGXFSZ: [libjvm.so+0x4e0eb0], sa_mask[0]=0x7ffbfeff, sa_flags=0x10000004
SIGILL: [libjvm.so+0x4e0eb0], sa_mask[0]=0x7ffbfeff, sa_flags=0x10000004
SIGUSR1: SIG_DFL, sa_mask[0]=0x00000000, sa_flags=0x00000000
SIGUSR2: [libjvm.so+0x4e35d0], sa_mask[0]=0x08080002, sa_flags=0x10000004
SIGHUP: SIG_DFL, sa_mask[0]=0x00000000, sa_flags=0x00000000
SIGINT: SIG_DFL, sa_mask[0]=0x00000000, sa_flags=0x00000000
SIGTERM: SIG_DFL, sa_mask[0]=0x00000000, sa_flags=0x00000000
SIGQUIT: [libmwmcr.so+0x52340], sa_mask[0]=0x08080002, sa_flags=0x00000004


---------------  S Y S T E M  ---------------

OS:Red Hat Enterprise Linux Server release 5.5 (Tikanga)

uname:Linux 2.6.18-194.11.1.el5 #1 SMP Tue Jul 27 05:45:06 EDT 2010 x86_64
libc:glibc 2.5 NPTL 2.5 
rlimit: STACK 10240k, CORE 0k, NPROC 1056768, NOFILE 1024, AS infinity
load average:11.56 12.88 12.18

CPU:total 24 (8 cores per cpu, 1 threads per core) family 6 model 13 stepping 1, cmov, cx8, fxsr, mmx, sse, sse2, sse3, ssse3

Memory: 4k page, physical 132092952k(578236k free), swap 2031608k(0k free)

vm_info: Java HotSpot(TM) 64-Bit Server VM (11.2-b01) for linux-amd64 JRE (1.6.0_12-b04), built on Jan 17 2009 01:04:06 by "java_re" with gcc 3.2.2 (SuSE Linux)

time: Mon Apr 14 16:00:36 2014
elapsed time: 0 seconds

